生成启动时间为 2018/8/2 17:06:56。
     1>项目“D:\VS Files\Traffic System\Traffic System\Traffic System.vcxproj”在节点 2 上(Build 个目标)。
     1>CustomBuild:
         Moc'ing trafficsignal.h...
     1>D:\VS Files\Traffic System\Traffic System\trafficsignal.h(23): warning : Class Signal implements the interface QGraphicsItem but does not list it in Q_INTERFACES. qobject_cast to QGraphicsItem will not work!
       ClCompile:
         C:\Program Files (x86)\Microsoft Visual Studio 12.0\VC\bin\x86_amd64\CL.exe /c /I.\GeneratedFiles /I. /ID:\Qt\Qt5.3.1\5.3\msvc2013_64_opengl\include /I.\GeneratedFiles\Release /ID:\Qt\Qt5.3.1\5.3\msvc2013_64_opengl\include\QtCore /ID:\Qt\Qt5.3.1\5.3\msvc2013_64_opengl\include\QtGui /ID:\Qt\Qt5.3.1\5.3\msvc2013_64_opengl\include\QtWidgets /ZI /nologo /W1 /WX- /O2 /D UNICODE /D WIN32 /D WIN64 /D QT_DLL /D QT_NO_DEBUG /D NDEBUG /D QT_CORE_LIB /D QT_GUI_LIB /D QT_WIDGETS_LIB /Gm- /EHsc /MD /GS /fp:precise /Zc:wchar_t /Zc:forScope /Fo"x64\Release\\" /Fd"x64\Release\vc120.pdb" /Gd /TP /errorReport:prompt GeneratedFiles\Release\moc_trafficsignal.cpp car.cpp trafficsignal.cpp trafficsystem.cpp
     1>cl : 命令行 warning D9038: 此平台上不支持 /ZI；请启用 /Zi
         moc_trafficsignal.cpp
         car.cpp
         trafficsignal.cpp
         trafficsystem.cpp
         正在生成代码...
     1>d:\vs files\traffic system\traffic system\car.cpp(408): warning C4715: “Car::boundingRect”: 不是所有的控件路径都返回值
       Link:
         C:\Program Files (x86)\Microsoft Visual Studio 12.0\VC\bin\x86_amd64\link.exe /ERRORREPORT:PROMPT /OUT:"D:\VS Files\Traffic System\x64\Release\\Traffic System.exe" /NOLOGO /LIBPATH:D:\Qt\Qt5.3.1\5.3\msvc2013_64_opengl\lib qtmain.lib Qt5Core.lib Qt5Gui.lib Qt5Widgets.lib opencv_world330d.lib kernel32.lib user32.lib gdi32.lib winspool.lib comdlg32.lib advapi32.lib shell32.lib ole32.lib oleaut32.lib uuid.lib odbc32.lib odbccp32.lib /MANIFEST /MANIFESTUAC:"level='asInvoker' uiAccess='false'" /manifest:embed /DEBUG /PDB:"D:\VS Files\Traffic System\x64\Release\Traffic System.pdb" /SUBSYSTEM:WINDOWS /TLBID:1 /DYNAMICBASE /NXCOMPAT /IMPLIB:"D:\VS Files\Traffic System\x64\Release\Traffic System.lib" /MACHINE:X64 x64\Release\logo.res
         x64\Release\moc_car.obj
         x64\Release\moc_trafficsignal.obj
         x64\Release\moc_trafficsystem.obj
         x64\Release\main.obj
         x64\Release\car.obj
         x64\Release\trafficsignal.obj
         x64\Release\trafficsystem.obj
         Traffic System.vcxproj -> D:\VS Files\Traffic System\x64\Release\Traffic System.exe
     1>已完成生成项目“D:\VS Files\Traffic System\Traffic System\Traffic System.vcxproj”(Build 个目标)的操作。

生成成功。

已用时间 00:00:04.83
