d:\vs files\traffic system\traffic system\x64\release\trafficsystem.obj
d:\vs files\traffic system\traffic system\x64\release\trafficsignal.obj
d:\vs files\traffic system\traffic system\x64\release\car.obj
d:\vs files\traffic system\traffic system\x64\release\main.obj
d:\vs files\traffic system\traffic system\x64\release\moc_trafficsystem.obj
d:\vs files\traffic system\traffic system\x64\release\moc_trafficsignal.obj
d:\vs files\traffic system\traffic system\x64\release\moc_car.obj
d:\vs files\traffic system\traffic system\x64\release\vc120.pdb
d:\vs files\traffic system\traffic system\generatedfiles\release\moc_trafficsystem.cpp
d:\vs files\traffic system\traffic system\generatedfiles\ui_trafficsystem.h
d:\vs files\traffic system\traffic system\generatedfiles\release\moc_trafficsignal.cpp
d:\vs files\traffic system\traffic system\generatedfiles\release\moc_car.cpp
d:\vs files\traffic system\x64\release\traffic system.ilk
d:\vs files\traffic system\x64\release\traffic system.exe
d:\vs files\traffic system\x64\release\traffic system.pdb
d:\vs files\traffic system\traffic system\x64\release\logo.res
d:\vs files\traffic system\traffic system\x64\release\traffic system.tlog\cl.command.1.tlog
d:\vs files\traffic system\traffic system\x64\release\traffic system.tlog\cl.read.1.tlog
d:\vs files\traffic system\traffic system\x64\release\traffic system.tlog\cl.write.1.tlog
d:\vs files\traffic system\traffic system\x64\release\traffic system.tlog\custombuild.command.1.tlog
d:\vs files\traffic system\traffic system\x64\release\traffic system.tlog\custombuild.read.1.tlog
d:\vs files\traffic system\traffic system\x64\release\traffic system.tlog\custombuild.write.1.tlog
d:\vs files\traffic system\traffic system\x64\release\traffic system.tlog\link.command.1.tlog
d:\vs files\traffic system\traffic system\x64\release\traffic system.tlog\link.read.1.tlog
d:\vs files\traffic system\traffic system\x64\release\traffic system.tlog\link.write.1.tlog
d:\vs files\traffic system\traffic system\x64\release\traffic system.tlog\rc.command.1.tlog
d:\vs files\traffic system\traffic system\x64\release\traffic system.tlog\rc.read.1.tlog
d:\vs files\traffic system\traffic system\x64\release\traffic system.tlog\rc.write.1.tlog
