d:\vs files\traffic system\traffic system\x64\debug\vc120.pdb
d:\vs files\traffic system\traffic system\x64\debug\trafficsystem.obj
d:\vs files\traffic system\traffic system\x64\debug\trafficsignal.obj
d:\vs files\traffic system\traffic system\x64\debug\car.obj
d:\vs files\traffic system\traffic system\x64\debug\main.obj
d:\vs files\traffic system\traffic system\x64\debug\moc_trafficsystem.obj
d:\vs files\traffic system\traffic system\x64\debug\moc_trafficsignal.obj
d:\vs files\traffic system\traffic system\x64\debug\moc_car.obj
d:\vs files\traffic system\traffic system\generatedfiles\debug\moc_trafficsystem.cpp
d:\vs files\traffic system\traffic system\generatedfiles\ui_trafficsystem.h
d:\vs files\traffic system\traffic system\generatedfiles\debug\moc_trafficsignal.cpp
d:\vs files\traffic system\traffic system\generatedfiles\debug\moc_car.cpp
d:\vs files\traffic system\x64\debug\traffic system.ilk
d:\vs files\traffic system\x64\debug\traffic system.exe
d:\vs files\traffic system\x64\debug\traffic system.pdb
d:\vs files\traffic system\traffic system\x64\debug\logo.res
d:\vs files\traffic system\traffic system\x64\debug\traffic system.tlog\cl.command.1.tlog
d:\vs files\traffic system\traffic system\x64\debug\traffic system.tlog\cl.read.1.tlog
d:\vs files\traffic system\traffic system\x64\debug\traffic system.tlog\cl.write.1.tlog
d:\vs files\traffic system\traffic system\x64\debug\traffic system.tlog\custombuild.command.1.tlog
d:\vs files\traffic system\traffic system\x64\debug\traffic system.tlog\custombuild.read.1.tlog
d:\vs files\traffic system\traffic system\x64\debug\traffic system.tlog\custombuild.write.1.tlog
d:\vs files\traffic system\traffic system\x64\debug\traffic system.tlog\link.command.1.tlog
d:\vs files\traffic system\traffic system\x64\debug\traffic system.tlog\link.read.1.tlog
d:\vs files\traffic system\traffic system\x64\debug\traffic system.tlog\link.write.1.tlog
d:\vs files\traffic system\traffic system\x64\debug\traffic system.tlog\rc.command.1.tlog
d:\vs files\traffic system\traffic system\x64\debug\traffic system.tlog\rc.read.1.tlog
d:\vs files\traffic system\traffic system\x64\debug\traffic system.tlog\rc.write.1.tlog
