生成启动时间为 2018/5/12 13:31:03。
     1>项目“D:\VS Files\Traffic System\Traffic System\Traffic System.vcxproj”在节点 2 上(Build 个目标)。
     1>ClCompile:
         C:\Program Files (x86)\Microsoft Visual Studio 12.0\VC\bin\x86_amd64\CL.exe /c /I.\GeneratedFiles /I. /ID:\Qt\Qt5.3.1\5.3\msvc2013_64_opengl\include /I.\GeneratedFiles\Debug /ID:\Qt\Qt5.3.1\5.3\msvc2013_64_opengl\include\QtCore /ID:\Qt\Qt5.3.1\5.3\msvc2013_64_opengl\include\QtGui /ID:\Qt\Qt5.3.1\5.3\msvc2013_64_opengl\include\QtWidgets /ZI /nologo /W1 /WX- /Od /D UNICODE /D WIN32 /D WIN64 /D QT_DLL /D QT_CORE_LIB /D QT_GUI_LIB /D QT_WIDGETS_LIB /Gm- /EHsc /MDd /GS /fp:precise /Zc:wchar_t /Zc:forScope /Fo"x64\Debug\\" /Fd"x64\Debug\vc120.pdb" /Gd /TP /errorReport:prompt GeneratedFiles\Debug\moc_car.cpp GeneratedFiles\Debug\moc_trafficsignal.cpp GeneratedFiles\Debug\moc_trafficsystem.cpp main.cpp car.cpp trafficsignal.cpp trafficsystem.cpp
     1>cl : 命令行 warning D9038: 此平台上不支持 /ZI；请启用 /Zi
         moc_car.cpp
         moc_trafficsignal.cpp
         moc_trafficsystem.cpp
         main.cpp
         car.cpp
         trafficsignal.cpp
         trafficsystem.cpp
         正在生成代码...
     1>d:\vs files\traffic system\traffic system\car.cpp(408): warning C4715: “Car::boundingRect”: 不是所有的控件路径都返回值
       Link:
         C:\Program Files (x86)\Microsoft Visual Studio 12.0\VC\bin\x86_amd64\link.exe /ERRORREPORT:PROMPT /OUT:"D:\VS Files\Traffic System\x64\Debug\\Traffic System.exe" /NOLOGO /LIBPATH:D:\Qt\Qt5.3.1\5.3\msvc2013_64_opengl\lib qtmaind.lib Qt5Cored.lib Qt5Guid.lib Qt5Widgetsd.lib opencv_world330d.lib kernel32.lib user32.lib gdi32.lib winspool.lib comdlg32.lib advapi32.lib shell32.lib ole32.lib oleaut32.lib uuid.lib odbc32.lib odbccp32.lib /MANIFEST:NO /DEBUG /PDB:"D:\VS Files\Traffic System\x64\Debug\Traffic System.pdb" /SUBSYSTEM:WINDOWS /TLBID:1 /DYNAMICBASE /NXCOMPAT /IMPLIB:"D:\VS Files\Traffic System\x64\Debug\Traffic System.lib" /MACHINE:X64 x64\Debug\logo.res
         x64\Debug\moc_car.obj
         x64\Debug\moc_trafficsignal.obj
         x64\Debug\moc_trafficsystem.obj
         x64\Debug\main.obj
         x64\Debug\car.obj
         x64\Debug\trafficsignal.obj
         x64\Debug\trafficsystem.obj
         Traffic System.vcxproj -> D:\VS Files\Traffic System\x64\Debug\Traffic System.exe
     1>已完成生成项目“D:\VS Files\Traffic System\Traffic System\Traffic System.vcxproj”(Build 个目标)的操作。

生成成功。

已用时间 00:00:05.27
